#
# There is insufficient memory for the Java Runtime Environment to continue.
# Native memory allocation (malloc) failed to allocate 32744 bytes for ChunkPool::allocate
# Possible reasons:
#   The system is out of physical RAM or swap space
#   The process is running with CompressedOops enabled, and the Java Heap may be blocking the growth of the native heap
# Possible solutions:
#   Reduce memory load on the system
#   Increase physical memory or swap space
#   Check if swap backing store is full
#   Decrease Java heap size (-Xmx/-Xms)
#   Decrease number of Java threads
#   Decrease Java thread stack sizes (-Xss)
#   Set larger code cache with -XX:ReservedCodeCacheSize=
#   JVM is running with Unscaled Compressed Oops mode in which the Java heap is
#     placed in the first 4GB address space. The Java Heap base address is the
#     maximum limit for the native heap growth. Please use -XX:HeapBaseMinAddress
#     to set the Java Heap base and to place the Java Heap above 4GB virtual address.
# This output file may be truncated or incomplete.
#
#  Out of Memory Error (allocation.cpp:272), pid=2096, tid=0x0000000000003cdc
#
# JRE version: Java(TM) SE Runtime Environment (8.0_241-b07) (build 1.8.0_241-b07)
# Java VM: Java HotSpot(TM) 64-Bit Server VM (25.241-b07 mixed mode windows-amd64 compressed oops)
# Failed to write core dump. Minidumps are not enabled by default on client versions of Windows
#

---------------  T H R E A D  ---------------

Current thread (0x000000001a60a000):  JavaThread "C1 CompilerThread3" daemon [_thread_in_native, id=15580, stack(0x000000001ae80000,0x000000001af80000)]

Stack: [0x000000001ae80000,0x000000001af80000]
[error occurred during error reporting (printing stack bounds), id 0xc0000005]

Native frames: (J=compiled Java code, j=interpreted, Vv=VM code, C=native code)


Current CompileTask:
C1: 148644 3539       1       sun.nio.cs.UTF_8$Encoder::encodeArrayLoop (489 bytes)


---------------  P R O C E S S  ---------------

Java Threads: ( => current thread )
  0x000000001a608000 JavaThread "RMI Scheduler(0)" daemon [_thread_blocked, id=17548, stack(0x000000001f250000,0x000000001f350000)]
  0x000000001a606800 JavaThread "Druid-ConnectionPool-Destroy-1109020385" daemon [_thread_blocked, id=2404, stack(0x000000001ee50000,0x000000001ef50000)]
  0x000000001a60d000 JavaThread "Druid-ConnectionPool-Create-1109020385" daemon [_thread_blocked, id=19908, stack(0x000000001ed50000,0x000000001ee50000)]
  0x000000001a60b800 JavaThread "mysql-cj-abandoned-connection-cleanup" daemon [_thread_blocked, id=19788, stack(0x000000001ec50000,0x000000001ed50000)]
  0x000000001a609800 JavaThread "DestroyJavaVM" [_thread_blocked, id=19564, stack(0x00000000030b0000,0x00000000031b0000)]
  0x000000001cb52000 JavaThread "scheduling-1" [_thread_blocked, id=5720, stack(0x000000001eb50000,0x000000001ec50000)]
  0x000000001cb50000 JavaThread "http-nio-8082-Acceptor" daemon [_thread_in_native, id=18780, stack(0x000000001ea50000,0x000000001eb50000)]
  0x000000001cb4f000 JavaThread "http-nio-8082-Poller" daemon [_thread_in_native, id=19140, stack(0x000000001e950000,0x000000001ea50000)]
  0x000000001c91b000 JavaThread "Timer-0" [_thread_blocked, id=9008, stack(0x000000001df50000,0x000000001e050000)]
  0x000000001c912800 JavaThread "MQTT Call: client-id-0" [_thread_blocked, id=17388, stack(0x000000001e450000,0x000000001e550000)]
  0x000000001c914800 JavaThread "MQTT Snd: client-id-0" [_thread_blocked, id=1860, stack(0x000000001e350000,0x000000001e450000)]
  0x000000001c90f800 JavaThread "MQTT Rec: client-id-0" [_thread_in_native, id=18028, stack(0x000000001e150000,0x000000001e250000)]
  0x000000001c844800 JavaThread "container-0" [_thread_blocked, id=6712, stack(0x000000001dc50000,0x000000001dd50000)]
  0x000000001c844000 JavaThread "Catalina-utility-2" [_thread_blocked, id=8012, stack(0x000000001db50000,0x000000001dc50000)]
  0x000000001c7d4800 JavaThread "Catalina-utility-1" [_thread_blocked, id=12676, stack(0x000000001be80000,0x000000001bf80000)]
  0x000000001b203800 JavaThread "RMI TCP Accept-0" daemon [_thread_in_native, id=7368, stack(0x000000001b880000,0x000000001b980000)]
  0x000000001afc1000 JavaThread "Service Thread" daemon [_thread_blocked, id=18776, stack(0x000000001b780000,0x000000001b880000)]
=>0x000000001a60a000 JavaThread "C1 CompilerThread3" daemon [_thread_in_native, id=15580, stack(0x000000001ae80000,0x000000001af80000)]
  0x000000001a60c800 JavaThread "C2 CompilerThread2" daemon [_thread_blocked, id=18476, stack(0x000000001ad80000,0x000000001ae80000)]
  0x000000001a605800 JavaThread "C2 CompilerThread1" daemon [_thread_blocked, id=15860, stack(0x000000001ac80000,0x000000001ad80000)]
  0x000000001a601000 JavaThread "C2 CompilerThread0" daemon [_thread_blocked, id=4908, stack(0x000000001ab80000,0x000000001ac80000)]
  0x000000001a62a000 JavaThread "Monitor Ctrl-Break" daemon [_thread_in_native, id=5164, stack(0x000000001aa80000,0x000000001ab80000)]
  0x000000001a318800 JavaThread "Attach Listener" daemon [_thread_blocked, id=10432, stack(0x000000001a980000,0x000000001aa80000)]
  0x000000001a2c5000 JavaThread "Signal Dispatcher" daemon [_thread_blocked, id=8996, stack(0x000000001a880000,0x000000001a980000)]
  0x000000001a2a1000 JavaThread "Finalizer" daemon [_thread_blocked, id=20308, stack(0x000000001a780000,0x000000001a880000)]
  0x000000001a2a0800 JavaThread "Reference Handler" daemon [_thread_blocked, id=7316, stack(0x000000001a680000,0x000000001a780000)]

Other Threads:
  0x00000000184a8000 VMThread [stack: 0x000000001a180000,0x000000001a280000] [id=3716]
  0x000000001b20d000 WatcherThread [stack: 0x000000001b980000,0x000000001ba80000] [id=432]

VM state:not at safepoint (normal execution)

VM Mutex/Monitor currently owned by a thread: None

heap address: 0x0000000081c00000, size: 2020 MB, Compressed Oops mode: 32-bit
Narrow klass base: 0x0000000000000000, Narrow klass shift: 3
Compressed class space size: 1073741824 Address: 0x0000000100000000

Heap:
 PSYoungGen      total 114688K, used 34178K [0x00000000d5f00000, 0x00000000e1880000, 0x0000000100000000)
  eden space 102912K, 33% used [0x00000000d5f00000,0x00000000d80609d0,0x00000000dc380000)
  from space 11776K, 0% used [0x00000000dc380000,0x00000000dc380000,0x00000000dcf00000)
  to   space 12288K, 0% used [0x00000000e0c80000,0x00000000e0c80000,0x00000000e1880000)
 ParOldGen       total 91136K, used 14260K [0x0000000081c00000, 0x0000000087500000, 0x00000000d5f00000)
  object space 91136K, 15% used [0x0000000081c00000,0x00000000829ed370,0x0000000087500000)
 Metaspace       used 35808K, capacity 38214K, committed 38528K, reserved 1083392K
  class space    used 4701K, capacity 5125K, committed 5248K, reserved 1048576K

Card table byte_map: [0x00000000128f0000,0x0000000012cf0000] byte_map_base: 0x00000000124e2000

Marking Bits: (ParMarkBitMap*) 0x000000005cd7be30
 Begin Bits: [0x00000000137a0000, 0x0000000015730000)
 End Bits:   [0x0000000015730000, 0x00000000176c0000)

Polling page: 0x00000000014d0000

CodeCache: size=245760Kb used=6983Kb max_used=6983Kb free=238776Kb
 bounds [0x0000000003530000, 0x0000000003c10000, 0x0000000012530000]
 total_blobs=4022 nmethods=3538 adapters=396
 compilation: enabled

Compilation events (10 events):
Event: 132.670 Thread 0x000000001a60a000 nmethod 3533 0x0000000003bff3d0 code [0x0000000003bff6a0, 0x0000000003c000e8]
Event: 142.893 Thread 0x000000001a60a000 3535       1       java.util.concurrent.locks.AbstractQueuedSynchronizer::releaseShared (16 bytes)
Event: 142.893 Thread 0x000000001a60a000 nmethod 3535 0x0000000003c00f50 code [0x0000000003c010c0, 0x0000000003c01238]
Event: 142.893 Thread 0x000000001a60a000 3536       1       java.util.concurrent.locks.AbstractQueuedSynchronizer::doReleaseShared (79 bytes)
Event: 142.893 Thread 0x000000001a60a000 nmethod 3536 0x0000000003c012d0 code [0x0000000003c01440, 0x0000000003c01668]
Event: 147.713 Thread 0x000000001a60a000 3537       1       ch.qos.logback.core.pattern.PatternLayoutBase::writeLoopOnConverters (39 bytes)
Event: 147.714 Thread 0x000000001a60a000 nmethod 3537 0x0000000003c01750 code [0x0000000003c018c0, 0x0000000003c01bd8]
Event: 147.856 Thread 0x000000001a60a000 3538       1       java.io.DataOutputStream::flush (8 bytes)
Event: 147.856 Thread 0x000000001a60a000 nmethod 3538 0x0000000003c01d50 code [0x0000000003c01ea0, 0x0000000003c01fe8]
Event: 147.949 Thread 0x000000001a60a000 3539       1       sun.nio.cs.UTF_8$Encoder::encodeArrayLoop (489 bytes)

GC Heap History (10 events):
Event: 2.106 GC heap before
{Heap before GC invocations=5 (full 1):
 PSYoungGen      total 71680K, used 5118K [0x00000000d5f00000, 0x00000000daa00000, 0x0000000100000000)
  eden space 66560K, 0% used [0x00000000d5f00000,0x00000000d5f00000,0x00000000da000000)
  from space 5120K, 99% used [0x00000000da500000,0x00000000da9ff8d0,0x00000000daa00000)
  to   space 5120K, 0% used [0x00000000da000000,0x00000000da000000,0x00000000da500000)
 ParOldGen       total 87552K, used 9154K [0x0000000081c00000, 0x0000000087180000, 0x00000000d5f00000)
  object space 87552K, 10% used [0x0000000081c00000,0x00000000824f0b98,0x0000000087180000)
 Metaspace       used 20191K, capacity 21192K, committed 21296K, reserved 1067008K
  class space    used 2670K, capacity 2886K, committed 2944K, reserved 1048576K
Event: 2.134 GC heap after
Heap after GC invocations=5 (full 1):
 PSYoungGen      total 71680K, used 0K [0x00000000d5f00000, 0x00000000daa00000, 0x0000000100000000)
  eden space 66560K, 0% used [0x00000000d5f00000,0x00000000d5f00000,0x00000000da000000)
  from space 5120K, 0% used [0x00000000da500000,0x00000000da500000,0x00000000daa00000)
  to   space 5120K, 0% used [0x00000000da000000,0x00000000da000000,0x00000000da500000)
 ParOldGen       total 60928K, used 8343K [0x0000000081c00000, 0x0000000085780000, 0x00000000d5f00000)
  object space 60928K, 13% used [0x0000000081c00000,0x0000000082425dc8,0x0000000085780000)
 Metaspace       used 20191K, capacity 21192K, committed 21296K, reserved 1067008K
  class space    used 2670K, capacity 2886K, committed 2944K, reserved 1048576K
}
Event: 2.721 GC heap before
{Heap before GC invocations=6 (full 1):
 PSYoungGen      total 71680K, used 66560K [0x00000000d5f00000, 0x00000000daa00000, 0x0000000100000000)
  eden space 66560K, 100% used [0x00000000d5f00000,0x00000000da000000,0x00000000da000000)
  from space 5120K, 0% used [0x00000000da500000,0x00000000da500000,0x00000000daa00000)
  to   space 5120K, 0% used [0x00000000da000000,0x00000000da000000,0x00000000da500000)
 ParOldGen       total 60928K, used 8343K [0x0000000081c00000, 0x0000000085780000, 0x00000000d5f00000)
  object space 60928K, 13% used [0x0000000081c00000,0x0000000082425dc8,0x0000000085780000)
 Metaspace       used 25340K, capacity 27150K, committed 27392K, reserved 1073152K
  class space    used 3418K, capacity 3765K, committed 3840K, reserved 1048576K
Event: 2.727 GC heap after
Heap after GC invocations=6 (full 1):
 PSYoungGen      total 71680K, used 5100K [0x00000000d5f00000, 0x00000000dd900000, 0x0000000100000000)
  eden space 66560K, 0% used [0x00000000d5f00000,0x00000000d5f00000,0x00000000da000000)
  from space 5120K, 99% used [0x00000000da000000,0x00000000da4fb230,0x00000000da500000)
  to   space 10240K, 0% used [0x00000000dcf00000,0x00000000dcf00000,0x00000000dd900000)
 ParOldGen       total 60928K, used 11047K [0x0000000081c00000, 0x0000000085780000, 0x00000000d5f00000)
  object space 60928K, 18% used [0x0000000081c00000,0x00000000826c9ce0,0x0000000085780000)
 Metaspace       used 25340K, capacity 27150K, committed 27392K, reserved 1073152K
  class space    used 3418K, capacity 3765K, committed 3840K, reserved 1048576K
}
Event: 3.492 GC heap before
{Heap before GC invocations=7 (full 1):
 PSYoungGen      total 71680K, used 71660K [0x00000000d5f00000, 0x00000000dd900000, 0x0000000100000000)
  eden space 66560K, 100% used [0x00000000d5f00000,0x00000000da000000,0x00000000da000000)
  from space 5120K, 99% used [0x00000000da000000,0x00000000da4fb230,0x00000000da500000)
  to   space 10240K, 0% used [0x00000000dcf00000,0x00000000dcf00000,0x00000000dd900000)
 ParOldGen       total 60928K, used 11047K [0x0000000081c00000, 0x0000000085780000, 0x00000000d5f00000)
  object space 60928K, 18% used [0x0000000081c00000,0x00000000826c9ce0,0x0000000085780000)
 Metaspace       used 31208K, capacity 33418K, committed 33536K, reserved 1079296K
  class space    used 4175K, capacity 4585K, committed 4608K, reserved 1048576K
Event: 3.501 GC heap after
Heap after GC invocations=7 (full 1):
 PSYoungGen      total 113152K, used 10214K [0x00000000d5f00000, 0x00000000dda80000, 0x0000000100000000)
  eden space 102912K, 0% used [0x00000000d5f00000,0x00000000d5f00000,0x00000000dc380000)
  from space 10240K, 99% used [0x00000000dcf00000,0x00000000dd8f98c0,0x00000000dd900000)
  to   space 11776K, 0% used [0x00000000dc380000,0x00000000dc380000,0x00000000dcf00000)
 ParOldGen       total 60928K, used 11875K [0x0000000081c00000, 0x0000000085780000, 0x00000000d5f00000)
  object space 60928K, 19% used [0x0000000081c00000,0x0000000082798ca0,0x0000000085780000)
 Metaspace       used 31208K, capacity 33418K, committed 33536K, reserved 1079296K
  class space    used 4175K, capacity 4585K, committed 4608K, reserved 1048576K
}
Event: 3.708 GC heap before
{Heap before GC invocations=8 (full 1):
 PSYoungGen      total 113152K, used 37200K [0x00000000d5f00000, 0x00000000dda80000, 0x0000000100000000)
  eden space 102912K, 26% used [0x00000000d5f00000,0x00000000d795aaa0,0x00000000dc380000)
  from space 10240K, 99% used [0x00000000dcf00000,0x00000000dd8f98c0,0x00000000dd900000)
  to   space 11776K, 0% used [0x00000000dc380000,0x00000000dc380000,0x00000000dcf00000)
 ParOldGen       total 60928K, used 11875K [0x0000000081c00000, 0x0000000085780000, 0x00000000d5f00000)
  object space 60928K, 19% used [0x0000000081c00000,0x0000000082798ca0,0x0000000085780000)
 Metaspace       used 33117K, capacity 35400K, committed 35496K, reserved 1079296K
  class space    used 4408K, capacity 4808K, committed 4864K, reserved 1048576K
Event: 3.716 GC heap after
Heap after GC invocations=8 (full 1):
 PSYoungGen      total 114688K, used 9105K [0x00000000d5f00000, 0x00000000e1880000, 0x0000000100000000)
  eden space 102912K, 0% used [0x00000000d5f00000,0x00000000d5f00000,0x00000000dc380000)
  from space 11776K, 77% used [0x00000000dc380000,0x00000000dcc646e8,0x00000000dcf00000)
  to   space 12288K, 0% used [0x00000000e0c80000,0x00000000e0c80000,0x00000000e1880000)
 ParOldGen       total 60928K, used 11883K [0x0000000081c00000, 0x0000000085780000, 0x00000000d5f00000)
  object space 60928K, 19% used [0x0000000081c00000,0x000000008279aca0,0x0000000085780000)
 Metaspace       used 33117K, capacity 35400K, committed 35496K, reserved 1079296K
  class space    used 4408K, capacity 4808K, committed 4864K, reserved 1048576K
}
Event: 3.716 GC heap before
{Heap before GC invocations=9 (full 2):
 PSYoungGen      total 114688K, used 9105K [0x00000000d5f00000, 0x00000000e1880000, 0x0000000100000000)
  eden space 102912K, 0% used [0x00000000d5f00000,0x00000000d5f00000,0x00000000dc380000)
  from space 11776K, 77% used [0x00000000dc380000,0x00000000dcc646e8,0x00000000dcf00000)
  to   space 12288K, 0% used [0x00000000e0c80000,0x00000000e0c80000,0x00000000e1880000)
 ParOldGen       total 60928K, used 11883K [0x0000000081c00000, 0x0000000085780000, 0x00000000d5f00000)
  object space 60928K, 19% used [0x0000000081c00000,0x000000008279aca0,0x0000000085780000)
 Metaspace       used 33117K, capacity 35400K, committed 35496K, reserved 1079296K
  class space    used 4408K, capacity 4808K, committed 4864K, reserved 1048576K
Event: 3.765 GC heap after
Heap after GC invocations=9 (full 2):
 PSYoungGen      total 114688K, used 0K [0x00000000d5f00000, 0x00000000e1880000, 0x0000000100000000)
  eden space 102912K, 0% used [0x00000000d5f00000,0x00000000d5f00000,0x00000000dc380000)
  from space 11776K, 0% used [0x00000000dc380000,0x00000000dc380000,0x00000000dcf00000)
  to   space 12288K, 0% used [0x00000000e0c80000,0x00000000e0c80000,0x00000000e1880000)
 ParOldGen       total 91136K, used 14260K [0x0000000081c00000, 0x0000000087500000, 0x00000000d5f00000)
  object space 91136K, 15% used [0x0000000081c00000,0x00000000829ed370,0x0000000087500000)
 Metaspace       used 33117K, capacity 35400K, committed 35496K, reserved 1079296K
  class space    used 4408K, capacity 4808K, committed 4864K, reserved 1048576K
}

Deoptimization events (0 events):
No events

Classes redefined (0 events):
No events

Internal exceptions (10 events):
Event: 137.548 Thread 0x000000001c90f800 Exception <a 'java/net/SocketTimeoutException': Read timed out> (0x00000000d6764da8) thrown at [C:\ade\jenkins\workspace\8-2-build-windows-amd64-cygwin\jdk8u241\331\hotspot\src\share\vm\prims\jni.cpp, line 736]
Event: 138.563 Thread 0x000000001c90f800 Exception <a 'java/net/SocketTimeoutException': Read timed out> (0x00000000d6765018) thrown at [C:\ade\jenkins\workspace\8-2-build-windows-amd64-cygwin\jdk8u241\331\hotspot\src\share\vm\prims\jni.cpp, line 736]
Event: 139.577 Thread 0x000000001c90f800 Exception <a 'java/net/SocketTimeoutException': Read timed out> (0x00000000d6765288) thrown at [C:\ade\jenkins\workspace\8-2-build-windows-amd64-cygwin\jdk8u241\331\hotspot\src\share\vm\prims\jni.cpp, line 736]
Event: 140.583 Thread 0x000000001c90f800 Exception <a 'java/net/SocketTimeoutException': Read timed out> (0x00000000d67654f8) thrown at [C:\ade\jenkins\workspace\8-2-build-windows-amd64-cygwin\jdk8u241\331\hotspot\src\share\vm\prims\jni.cpp, line 736]
Event: 141.596 Thread 0x000000001c90f800 Exception <a 'java/net/SocketTimeoutException': Read timed out> (0x00000000d6765768) thrown at [C:\ade\jenkins\workspace\8-2-build-windows-amd64-cygwin\jdk8u241\331\hotspot\src\share\vm\prims\jni.cpp, line 736]
Event: 142.610 Thread 0x000000001c90f800 Exception <a 'java/net/SocketTimeoutException': Read timed out> (0x00000000d67659d8) thrown at [C:\ade\jenkins\workspace\8-2-build-windows-amd64-cygwin\jdk8u241\331\hotspot\src\share\vm\prims\jni.cpp, line 736]
Event: 143.620 Thread 0x000000001c90f800 Exception <a 'java/net/SocketTimeoutException': Read timed out> (0x00000000d6765c48) thrown at [C:\ade\jenkins\workspace\8-2-build-windows-amd64-cygwin\jdk8u241\331\hotspot\src\share\vm\prims\jni.cpp, line 736]
Event: 144.634 Thread 0x000000001c90f800 Exception <a 'java/net/SocketTimeoutException': Read timed out> (0x00000000d6765eb8) thrown at [C:\ade\jenkins\workspace\8-2-build-windows-amd64-cygwin\jdk8u241\331\hotspot\src\share\vm\prims\jni.cpp, line 736]
Event: 146.725 Thread 0x000000001c90f800 Exception <a 'java/net/SocketTimeoutException': Read timed out> (0x00000000d6766fc0) thrown at [C:\ade\jenkins\workspace\8-2-build-windows-amd64-cygwin\jdk8u241\331\hotspot\src\share\vm\prims\jni.cpp, line 736]
Event: 147.737 Thread 0x000000001c90f800 Exception <a 'java/net/SocketTimeoutException': Read timed out> (0x00000000d6767230) thrown at [C:\ade\jenkins\workspace\8-2-build-windows-amd64-cygwin\jdk8u241\331\hotspot\src\share\vm\prims\jni.cpp, line 736]

Events (10 events):
Event: 12.810 loading class org/apache/tomcat/PeriodicEventListener
Event: 12.810 loading class org/apache/tomcat/PeriodicEventListener done
Event: 23.721 Executing VM operation: BulkRevokeBias
Event: 23.721 Executing VM operation: BulkRevokeBias done
Event: 43.759 Executing VM operation: BulkRevokeBias
Event: 43.760 Executing VM operation: BulkRevokeBias done
Event: 62.843 loading class org/apache/catalina/Session
Event: 62.843 loading class org/apache/catalina/Session done
Event: 65.467 Thread 0x000000001a608800 Thread exited: 0x000000001a608800
Event: 94.603 Thread 0x000000001a607000 Thread exited: 0x000000001a607000


Dynamic libraries:
0x00007ff6409c0000 - 0x00007ff6409f7000 	C:\jdk-8u241-windows-x64\bin\java.exe
0x00007ffac5f90000 - 0x00007ffac6185000 	C:\WINDOWS\SYSTEM32\ntdll.dll
0x00007ffac5b40000 - 0x00007ffac5bfe000 	C:\WINDOWS\System32\KERNEL32.DLL
0x00007ffac3aa0000 - 0x00007ffac3d68000 	C:\WINDOWS\System32\KERNELBASE.dll
0x00007ffac5440000 - 0x00007ffac54ee000 	C:\WINDOWS\System32\ADVAPI32.dll
0x00007ffac5040000 - 0x00007ffac50de000 	C:\WINDOWS\System32\msvcrt.dll
0x00007ffac54f0000 - 0x00007ffac558c000 	C:\WINDOWS\System32\sechost.dll
0x00007ffac5da0000 - 0x00007ffac5ec5000 	C:\WINDOWS\System32\RPCRT4.dll
0x00007ffac5c00000 - 0x00007ffac5da0000 	C:\WINDOWS\System32\USER32.dll
0x00007ffac3fc0000 - 0x00007ffac3fe2000 	C:\WINDOWS\System32\win32u.dll
0x00007ffac4c50000 - 0x00007ffac4c7b000 	C:\WINDOWS\System32\GDI32.dll
0x00007ffac3e20000 - 0x00007ffac3f2b000 	C:\WINDOWS\System32\gdi32full.dll
0x00007ffac39d0000 - 0x00007ffac3a6d000 	C:\WINDOWS\System32\msvcp_win.dll
0x00007ffac38d0000 - 0x00007ffac39d0000 	C:\WINDOWS\System32\ucrtbase.dll
0x00007ffaaf410000 - 0x00007ffaaf6aa000 	C:\WINDOWS\WinSxS\amd64_microsoft.windows.common-controls_6595b64144ccf1df_6.0.19041.1110_none_60b5254171f9507e\COMCTL32.dll
0x00007ffac4ef0000 - 0x00007ffac4f20000 	C:\WINDOWS\System32\IMM32.DLL
0x000000005c370000 - 0x000000005c442000 	C:\jdk-8u241-windows-x64\jre\bin\msvcr100.dll
0x000000005c550000 - 0x000000005cdfc000 	C:\jdk-8u241-windows-x64\jre\bin\server\jvm.dll
0x00007ffac5030000 - 0x00007ffac5038000 	C:\WINDOWS\System32\PSAPI.DLL
0x00007ffaac3e0000 - 0x00007ffaac3e9000 	C:\WINDOWS\SYSTEM32\WSOCK32.dll
0x00007ffab1000000 - 0x00007ffab1027000 	C:\WINDOWS\SYSTEM32\WINMM.dll
0x00007ffab68a0000 - 0x00007ffab68aa000 	C:\WINDOWS\SYSTEM32\VERSION.dll
0x00007ffac4fc0000 - 0x00007ffac502b000 	C:\WINDOWS\System32\WS2_32.dll
0x00007ffaa9cb0000 - 0x00007ffaa9cbf000 	C:\jdk-8u241-windows-x64\jre\bin\verify.dll
0x00007ffaa6980000 - 0x00007ffaa69a9000 	C:\jdk-8u241-windows-x64\jre\bin\java.dll
0x00007ffabac40000 - 0x00007ffabac63000 	C:\jdk-8u241-windows-x64\jre\bin\instrument.dll
0x00007ffaa8b30000 - 0x00007ffaa8b46000 	C:\jdk-8u241-windows-x64\jre\bin\zip.dll
0x00007ffac41a0000 - 0x00007ffac48e4000 	C:\WINDOWS\System32\SHELL32.dll
0x00007ffac1660000 - 0x00007ffac1df4000 	C:\WINDOWS\SYSTEM32\windows.storage.dll
0x00007ffac50e0000 - 0x00007ffac5434000 	C:\WINDOWS\System32\combase.dll
0x00007ffac2fc0000 - 0x00007ffac2fec000 	C:\WINDOWS\SYSTEM32\Wldp.dll
0x00007ffac4ba0000 - 0x00007ffac4c4d000 	C:\WINDOWS\System32\SHCORE.dll
0x00007ffac4c80000 - 0x00007ffac4cd5000 	C:\WINDOWS\System32\shlwapi.dll
0x00007ffac35f0000 - 0x00007ffac360f000 	C:\WINDOWS\SYSTEM32\profapi.dll
0x00007ffaba890000 - 0x00007ffaba8aa000 	D:\IntelliJ IDEA 2020.3.3\bin\breakgen64.dll
0x00007ffaa33c0000 - 0x00007ffaa33da000 	C:\jdk-8u241-windows-x64\jre\bin\net.dll
0x00007ffac2d40000 - 0x00007ffac2daa000 	C:\WINDOWS\system32\mswsock.dll
0x00007ffac2a90000 - 0x00007ffac2b5a000 	C:\WINDOWS\SYSTEM32\DNSAPI.dll
0x00007ffac2a50000 - 0x00007ffac2a8b000 	C:\WINDOWS\SYSTEM32\IPHLPAPI.DLL
0x00007ffac4fb0000 - 0x00007ffac4fb8000 	C:\WINDOWS\System32\NSI.dll
0x00007ffaae590000 - 0x00007ffaae59a000 	C:\Windows\System32\rasadhlp.dll
0x00007ffab4370000 - 0x00007ffab43ef000 	C:\WINDOWS\System32\fwpuclnt.dll
0x00007ffac3a70000 - 0x00007ffac3a97000 	C:\WINDOWS\System32\bcrypt.dll
0x00007ffaa9df0000 - 0x00007ffaa9dfd000 	C:\jdk-8u241-windows-x64\jre\bin\management.dll
0x00007ffaa2600000 - 0x00007ffaa2612000 	C:\jdk-8u241-windows-x64\jre\bin\nio.dll
0x00007ffac3000000 - 0x00007ffac3018000 	C:\WINDOWS\SYSTEM32\CRYPTSP.dll
0x00007ffac26e0000 - 0x00007ffac2714000 	C:\WINDOWS\system32\rsaenh.dll
0x00007ffac35b0000 - 0x00007ffac35de000 	C:\WINDOWS\SYSTEM32\USERENV.dll
0x00007ffac3f30000 - 0x00007ffac3fb2000 	C:\WINDOWS\System32\bcryptprimitives.dll
0x00007ffac2ed0000 - 0x00007ffac2edc000 	C:\WINDOWS\SYSTEM32\CRYPTBASE.dll
0x00007ffab8020000 - 0x00007ffab8037000 	C:\WINDOWS\SYSTEM32\dhcpcsvc6.DLL
0x00007ffab91c0000 - 0x00007ffab91dd000 	C:\WINDOWS\SYSTEM32\dhcpcsvc.DLL
0x00007ffaa9cc0000 - 0x00007ffaa9cd7000 	C:\WINDOWS\system32\napinsp.dll
0x00007ffaa6960000 - 0x00007ffaa697b000 	C:\WINDOWS\system32\pnrpnsp.dll
0x00007ffabd680000 - 0x00007ffabd695000 	C:\WINDOWS\system32\wshbth.dll
0x00007ffabe020000 - 0x00007ffabe03d000 	C:\WINDOWS\system32\NLAapi.dll
0x00007ffaa69b0000 - 0x00007ffaa69c2000 	C:\WINDOWS\System32\winrnr.dll

VM Arguments:
jvm_args: -XX:TieredStopAtLevel=1 -Xverify:none -Dspring.output.ansi.enabled=always -javaagent:D:\IntelliJ IDEA 2020.3.3\lib\idea_rt.jar=64340:D:\IntelliJ IDEA 2020.3.3\bin -Dcom.sun.management.jmxremote -Dspring.jmx.enabled=true -Dspring.liveBeansView.mbeanDomain -Dspring.application.admin.enabled=true -Dfile.encoding=UTF-8 
java_command: top.kaluna.pub.PubApplication
java_class_path (initial): C:\jdk-8u241-windows-x64\jre\lib\charsets.jar;C:\jdk-8u241-windows-x64\jre\lib\deploy.jar;C:\jdk-8u241-windows-x64\jre\lib\ext\access-bridge-64.jar;C:\jdk-8u241-windows-x64\jre\lib\ext\cldrdata.jar;C:\jdk-8u241-windows-x64\jre\lib\ext\dnsns.jar;C:\jdk-8u241-windows-x64\jre\lib\ext\jaccess.jar;C:\jdk-8u241-windows-x64\jre\lib\ext\jfxrt.jar;C:\jdk-8u241-windows-x64\jre\lib\ext\localedata.jar;C:\jdk-8u241-windows-x64\jre\lib\ext\nashorn.jar;C:\jdk-8u241-windows-x64\jre\lib\ext\sunec.jar;C:\jdk-8u241-windows-x64\jre\lib\ext\sunjce_provider.jar;C:\jdk-8u241-windows-x64\jre\lib\ext\sunmscapi.jar;C:\jdk-8u241-windows-x64\jre\lib\ext\sunpkcs11.jar;C:\jdk-8u241-windows-x64\jre\lib\ext\zipfs.jar;C:\jdk-8u241-windows-x64\jre\lib\javaws.jar;C:\jdk-8u241-windows-x64\jre\lib\jce.jar;C:\jdk-8u241-windows-x64\jre\lib\jfr.jar;C:\jdk-8u241-windows-x64\jre\lib\jfxswt.jar;C:\jdk-8u241-windows-x64\jre\lib\jsse.jar;C:\jdk-8u241-windows-x64\jre\lib\management-agent.jar;C:\jdk-8u241-windows-x64\jre\lib\plugin.jar;C:\jdk-8u241-windows-x64\jre\lib\resources.jar;C:\jdk-8u241-windows-x64\jre\lib\rt.jar;F:\ideaworkspace\publish\target\classes;D:\path\to\local\repo\org\springframework\boot\spring-boot-starter-web\2.6.1\spring-boot-starter-web-2.6.1.jar;D:\path\to\local\repo\org\springframework\boot\spring-boot-starter\2.6.1\spring-boot-starter-2.6.1.jar;D:\path\to\local\repo\org\springframework\boot\spring-boot\2.6.1\spring-boot-2.6.1.jar;D:\path\to\local\repo\org\springframework\boot\spring-boot-autoconfigure\2.6.1\spring-boot-autoconfigure-2.6.1.jar;D:\path\to\local\repo\org\springframework\boot\spring-boot-starter-logging\2.6.1\spring-boot-starter-logging-2.6.1.jar;D:\path\to\local\repo\ch\qos\logback\logback-classic\1.2.7\logback-classic-1.2.7.jar;D:\path\to\local\repo\ch\qos\logback\logback-core\1.2.7\logback-core-1.2.7.jar;D:\path\to\local\repo\org\apache\logging\log4j\log4j-to-slf4j\2.14.1\log4j-to-slf4j-2.14.1.jar;D:\path\to\local\repo\org\apache\logging\log4
Launcher Type: SUN_STANDARD

Environment Variables:
JAVA_HOME=C:\jdk-8u241-windows-x64
PATH=F:\anaconda3;C:\ProgramData\Oracle\Java\javapath;C:\Program Files (x86)\Common Files\Oracle\Java\javapath\;C:\Program Files (x86)\Intel\Intel(R) Management Engine Components\iCLS\;C:\Program Files\Intel\Intel(R) Management Engine Components\iCLS\;C:\Program Files\erl7.1\bin;C:\Windows\system32;C:\Windows;C:\Windows\System32\Wbem;C:\Windows\System32\WindowsPowerShell\v1.0\;C:\Windows\System32\OpenSSH\;C:\Program Files (x86)\Intel\Intel(R) Management Engine Components\DAL;C:\jdk-8u241-windows-x64\jre\bin;C:\Program Files\Intel\Intel(R) Management Engine Components\DAL;C:\Program Files (x86)\Intel\Intel(R) Management Engine Components\IPT;C:\Program Files\Intel\Intel(R) Management Engine Components\IPT;C:\jdk-8u241-windows-x64\bin;C:\Program Files (x86)\NVIDIA Corporation\PhysX\Common;C:\WINDOWS\system32;C:\WINDOWS;C:\WINDOWS\System32\Wbem;C:\WINDOWS\System32\WindowsPowerShell\v1.0\;C:\WINDOWS\System32\OpenSSH\;D:\Program Files\Git\cmd;C:\Users\86158\.dnx\bin;C:\Program Files\Microsoft DNX\Dn;C:\WINDOWS\system32;C:\WINDOWS;C:\WINDOWS\System32\Wbem;C:\WINDOWS\System32\WindowsPowerShell\v1.0\;C:\WINDOWS\System32\OpenSSH\;D:\apache-maven-3.5.0\bin;F:\cygwin\bin;F:\anaconda3\pkgs\graphviz-2.38-hfd603c8_2\Library\bin;F:\Graphviz 2.44.1\bin;C:\Program Files\Pandoc\;G:\matlab\runtime\win64;G:\matlab\bin;G:\matlab\polyspace\bin;F:\anaconda3\Scripts;F:\anaconda3\Library\bin;D:\apache-maven-3.5.0\\bin;E:\MySQLServer5.7\Install\bin;F:\node-v14.16.0-x64\node_global;F:\node-v14.16.0-x64;F:\node-v12.22.1-win-x64\;F:\gradle-4.6-bin\gradle-4.6\bin;D:\Git\cmd;F:\cygwin\usr\x86_64-w64-mingw32\sys-root\mingw\bin;X:\matlabRuntime\v912\runtime\win64;C:\Users\86158\AppData\Local\Microsoft\WindowsApps;D:\Program Files\Markdown Monster;C:\Users\86158\AppData\Local\Microsoft\WindowsApps;C:\Users\86158\.dotnet\tools;C:\Users\86158\AppData\Roaming\npm;F:\Microsoft VS Code\bin;X:\MiKTeX\miktex\bin\x64\
USERNAME=86158
OS=Windows_NT
PROCESSOR_IDENTIFIER=Intel64 Family 6 Model 142 Stepping 10, GenuineIntel



---------------  S Y S T E M  ---------------

OS: Windows 10.0 , 64 bit Build 19041 (10.0.19041.1566)

CPU:total 8 (initial active 8) (4 cores per cpu, 2 threads per core) family 6 model 142 stepping 10, cmov, cx8, fxsr, mmx, sse, sse2, sse3, ssse3, sse4.1, sse4.2, popcnt, avx, avx2, aes, clmul, erms, 3dnowpref, lzcnt, ht, tsc, tscinvbit, bmi1, bmi2, adx

Memory: 4k page, physical 8268520k(568244k free), swap 18754276k(0k free)

vm_info: Java HotSpot(TM) 64-Bit Server VM (25.241-b07) for windows-amd64 JRE (1.8.0_241-b07), built on Dec 11 2019 10:21:40 by "rejava" with MS VC++ 10.0 (VS2010)

time: Sat Apr 02 21:57:55 2022
timezone: 中国标准时间
elapsed time: 148 seconds (0d 0h 2m 28s)

